TN:
SF:src/app.js
FN:10,verifyExistsAccountCPF
FN:23,getBalance
FNF:2
FNH:2
FNDA:12,verifyExistsAccountCPF
FNDA:3,getBalance
DA:1,1
DA:2,1
DA:3,1
DA:4,1
DA:5,1
DA:6,1
DA:7,1
DA:8,1
DA:9,1
DA:10,12
DA:11,12
DA:12,12
DA:13,12
DA:14,12
DA:15,12
DA:16,2
DA:17,2
DA:18,10
DA:19,10
DA:20,10
DA:21,10
DA:22,1
DA:23,3
DA:24,3
DA:25,4
DA:26,1
DA:27,1
DA:28,3
DA:29,3
DA:30,3
DA:31,3
DA:32,1
DA:33,1
DA:34,4
DA:35,4
DA:36,4
DA:37,4
DA:38,4
DA:39,4
DA:40,4
DA:41,1
DA:42,1
DA:43,1
DA:44,1
DA:45,3
DA:46,3
DA:47,3
DA:48,3
DA:49,3
DA:50,3
DA:51,3
DA:52,3
DA:53,3
DA:54,3
DA:55,1
DA:56,1
DA:57,1
DA:58,1
DA:59,1
DA:60,1
DA:61,1
DA:62,1
DA:63,1
DA:64,1
DA:65,1
DA:66,1
DA:67,1
DA:68,1
DA:69,1
DA:70,1
DA:71,1
DA:72,1
DA:73,1
DA:74,1
DA:75,1
DA:76,1
DA:77,1
DA:78,1
DA:79,2
DA:80,2
DA:81,2
DA:82,2
DA:83,2
DA:84,2
DA:85,1
DA:86,1
DA:87,1
DA:88,1
DA:89,1
DA:90,1
DA:91,1
DA:92,1
DA:93,1
DA:94,1
DA:95,1
DA:96,1
DA:97,1
DA:98,1
DA:99,1
DA:100,2
DA:101,2
DA:102,2
DA:103,2
DA:104,2
DA:105,2
DA:106,2
DA:107,2
DA:108,2
DA:109,1
DA:110,1
DA:111,1
DA:112,1
DA:113,1
DA:114,1
DA:115,1
DA:116,1
DA:117,1
DA:118,1
DA:119,1
DA:120,1
DA:121,1
DA:122,1
DA:123,1
DA:124,1
DA:125,1
DA:126,1
DA:127,1
DA:128,1
DA:129,1
DA:130,1
DA:131,1
DA:132,1
DA:133,1
DA:134,1
DA:135,1
DA:136,1
DA:137,1
DA:138,1
DA:139,1
DA:140,1
DA:141,1
DA:142,1
DA:143,1
LF:143
LH:143
BRDA:10,0,0,12
BRDA:15,1,0,2
BRDA:18,2,0,10
BRDA:13,3,0,13
BRDA:23,4,0,3
BRDA:24,5,0,4
BRDA:25,6,0,3
BRDA:25,7,0,1
BRDA:33,8,0,4
BRDA:40,9,0,1
BRDA:45,10,0,3
BRDA:37,11,0,4
BRDA:56,12,0,1
BRDA:61,13,0,1
BRDA:78,14,0,2
BRDA:84,15,0,1
BRDA:99,16,0,2
BRDA:103,17,0,4
BRDA:110,18,0,1
BRDA:119,19,0,1
BRDA:125,20,0,1
BRDA:135,21,0,1
BRF:22
BRH:22
end_of_record
